<?xml version="1.0" encoding="UTF-8"?>
<!-- Generated by org.testng.reporters.JUnitXMLReporter -->
<testsuite ignored="0" hostname="P0136963" failures="0" tests="3" name="Default test" time="28.998" errors="0" timestamp="17 Jul 2019 10:18:10 GMT">
  <testcase classname="com.kraft.qa.testcases.LoginPageTest" name="loginPageTitleTest" time="0.016"/>
  <testcase classname="com.kraft.qa.testcases.LoginPageTest" name="loginPageLogoTest" time="0.081"/>
  <testcase classname="com.kraft.qa.testcases.LoginPageTest" name="loginTest" time="1.92"/>
</testsuite> <!-- Default test -->
