<?xml version="1.0" encoding="UTF-8"?>
<testng-results ignored="0" total="3" passed="3" failed="0" skipped="0">
  <reporter-output>
  </reporter-output>
  <suite started-at="2019-07-17T10:17:41Z" name="Default suite" finished-at="2019-07-17T10:18:10Z" duration-ms="28998">
    <groups>
    </groups>
    <test started-at="2019-07-17T10:17:41Z" name="Default test" finished-at="2019-07-17T10:18:10Z" duration-ms="28998">
      <class name="com.kraft.qa.testcases.LoginPageTest">
        <test-method is-config="true" signature="setUp()[pri:0, instance:com.kraft.qa.testcases.LoginPageTest@402e37bc]" started-at="2019-07-17T10:17:41Z" name="setUp" finished-at="2019-07-17T10:17:49Z" duration-ms="8728" status="PASS">
          <reporter-output>
          </reporter-output>
        </test-method> <!-- setUp -->
        <test-method signature="loginPageTitleTest()[pri:1, instance:com.kraft.qa.testcases.LoginPageTest@402e37bc]" started-at="2019-07-17T10:17:49Z" name="loginPageTitleTest" finished-at="2019-07-17T10:17:49Z" duration-ms="16" status="PASS">
          <reporter-output>
          </reporter-output>
        </test-method> <!-- loginPageTitleTest -->
        <test-method is-config="true" signature="tearDown()[pri:0, instance:com.kraft.qa.testcases.LoginPageTest@402e37bc]" started-at="2019-07-17T10:17:49Z" name="tearDown" finished-at="2019-07-17T10:17:50Z" duration-ms="827" status="PASS">
          <reporter-output>
          </reporter-output>
        </test-method> <!-- tearDown -->
        <test-method is-config="true" signature="setUp()[pri:0, instance:com.kraft.qa.testcases.LoginPageTest@402e37bc]" started-at="2019-07-17T10:17:50Z" name="setUp" finished-at="2019-07-17T10:17:58Z" duration-ms="8040" status="PASS">
          <reporter-output>
          </reporter-output>
        </test-method> <!-- setUp -->
        <test-method signature="loginPageLogoTest()[pri:2, instance:com.kraft.qa.testcases.LoginPageTest@402e37bc]" started-at="2019-07-17T10:17:58Z" name="loginPageLogoTest" finished-at="2019-07-17T10:17:58Z" duration-ms="81" status="PASS">
          <reporter-output>
          </reporter-output>
        </test-method> <!-- loginPageLogoTest -->
        <test-method is-config="true" signature="tearDown()[pri:0, instance:com.kraft.qa.testcases.LoginPageTest@402e37bc]" started-at="2019-07-17T10:17:58Z" name="tearDown" finished-at="2019-07-17T10:17:59Z" duration-ms="725" status="PASS">
          <reporter-output>
          </reporter-output>
        </test-method> <!-- tearDown -->
        <test-method is-config="true" signature="setUp()[pri:0, instance:com.kraft.qa.testcases.LoginPageTest@402e37bc]" started-at="2019-07-17T10:17:59Z" name="setUp" finished-at="2019-07-17T10:18:07Z" duration-ms="7938" status="PASS">
          <reporter-output>
          </reporter-output>
        </test-method> <!-- setUp -->
        <test-method signature="loginTest()[pri:3, instance:com.kraft.qa.testcases.LoginPageTest@402e37bc]" started-at="2019-07-17T10:18:07Z" name="loginTest" finished-at="2019-07-17T10:18:09Z" duration-ms="1920" status="PASS">
          <reporter-output>
          </reporter-output>
        </test-method> <!-- loginTest -->
        <test-method is-config="true" signature="tearDown()[pri:0, instance:com.kraft.qa.testcases.LoginPageTest@402e37bc]" started-at="2019-07-17T10:18:09Z" name="tearDown" finished-at="2019-07-17T10:18:10Z" duration-ms="685" status="PASS">
          <reporter-output>
          </reporter-output>
        </test-method> <!-- tearDown -->
      </class> <!-- com.kraft.qa.testcases.LoginPageTest -->
    </test> <!-- Default test -->
  </suite> <!-- Default suite -->
</testng-results>
